<?xml version="1.0" encoding="UTF-8"?>
<!-- Generated by org.testng.reporters.JUnitReportReporter -->
<testsuite hostname="LAPTOP-J5E37TJF" failures="0" tests="4" name="test.LoginTest" time="2.277" errors="0" timestamp="2023-02-08T07:29:44 IST" skipped="0">
  <testcase classname="test.LoginTest" name="verifyBuildTitleName" time="0.024"/>
  <system-out/>
  <testcase classname="test.LoginTest" name="verifyTitleOfLoginPage" time="0.489"/>
  <system-out/>
  <testcase classname="test.LoginTest" name="verifyCurrentUrlOfPage" time="0.007"/>
  <system-out/>
  <testcase classname="test.LoginTest" name="verifyLoginWithCorrectCredentials" time="1.757"/>
  <system-out/>
</testsuite> <!-- test.LoginTest -->
